Connecting to database specified by database.yml
  [1m[36m (0.1ms)[0m  [1mselect sqlite_version(*)[0m
  [1m[35m (1.3ms)[0m  CREATE TABLE "schema_migrations" ("version" varchar(255) NOT NULL) 
  [1m[36m (1.0ms)[0m  [1mCREATE UNIQUE INDEX "unique_schema_migrations" ON "schema_migrations" ("version")[0m
  [1m[35m (1.2ms)[0m  SELECT "schema_migrations"."version" FROM "schema_migrations" 
Migrating to CreateUsers (20130805154908)
  [1m[36m (0.0ms)[0m  [1mbegin transaction[0m
  [1m[35m (0.4ms)[0m  CREATE TABLE "users" ("id" INTEGER PRIMARY KEY AUTOINCREMENT NOT NULL, "name" varchar(255), "email" varchar(255), "password_hash" varchar(255), "created_at" datetime NOT NULL, "updated_at" datetime NOT NULL) 
  [1m[36m (0.1ms)[0m  [1mINSERT INTO "schema_migrations" ("version") VALUES ('20130805154908')[0m
  [1m[35m (1.3ms)[0m  commit transaction
  [1m[36m (0.1ms)[0m  [1mSELECT "schema_migrations"."version" FROM "schema_migrations" [0m
Connecting to database specified by database.yml


Started GET "/assets/rails.png" for 127.0.0.1 at 2013-08-07 12:46:21 -0500
Served asset /rails.png - 200 OK (23ms)
Connecting to database specified by database.yml


Started GET "/" for 127.0.0.1 at 2013-08-07 12:48:14 -0500

ActionController::RoutingError (uninitialized constant PagesController):
  activesupport (3.2.13) lib/active_support/inflector/methods.rb:230:in `block in constantize'
  activesupport (3.2.13) lib/active_support/inflector/methods.rb:229:in `each'
  activesupport (3.2.13) lib/active_support/inflector/methods.rb:229:in `constantize'
  actionpack (3.2.13) lib/action_dispatch/routing/route_set.rb:69:in `controller_reference'
  actionpack (3.2.13) lib/action_dispatch/routing/route_set.rb:54:in `controller'
  actionpack (3.2.13) lib/action_dispatch/routing/route_set.rb:32:in `call'
  journey (1.0.4) lib/journey/router.rb:68:in `block in call'
  journey (1.0.4) lib/journey/router.rb:56:in `each'
  journey (1.0.4) lib/journey/router.rb:56:in `call'
  actionpack (3.2.13) lib/action_dispatch/routing/route_set.rb:612:in `call'
  actionpack (3.2.13) lib/action_dispatch/middleware/best_standards_support.rb:17:in `call'
  rack (1.4.5) lib/rack/etag.rb:23:in `call'
  rack (1.4.5) lib/rack/conditionalget.rb:25:in `call'
  actionpack (3.2.13) lib/action_dispatch/middleware/head.rb:14:in `call'
  actionpack (3.2.13) lib/action_dispatch/middleware/params_parser.rb:21:in `call'
  actionpack (3.2.13) lib/action_dispatch/middleware/flash.rb:242:in `call'
  rack (1.4.5) lib/rack/session/abstract/id.rb:210:in `context'
  rack (1.4.5) lib/rack/session/abstract/id.rb:205:in `call'
  actionpack (3.2.13) lib/action_dispatch/middleware/cookies.rb:341:in `call'
  activerecord (3.2.13) lib/active_record/query_cache.rb:64:in `call'
  activerecord (3.2.13) lib/active_record/connection_adapters/abstract/connection_pool.rb:479:in `call'
  actionpack (3.2.13) lib/action_dispatch/middleware/callbacks.rb:28:in `block in call'
  activesupport (3.2.13) lib/active_support/callbacks.rb:405:in `_run__1788297768322836818__call__34047180245096216__callbacks'
  activesupport (3.2.13) lib/active_support/callbacks.rb:405:in `__run_callback'
  activesupport (3.2.13) lib/active_support/callbacks.rb:385:in `_run_call_callbacks'
  activesupport (3.2.13) lib/active_support/callbacks.rb:81:in `run_callbacks'
  actionpack (3.2.13) lib/action_dispatch/middleware/callbacks.rb:27:in `call'
  actionpack (3.2.13) lib/action_dispatch/middleware/reloader.rb:65:in `call'
  actionpack (3.2.13) lib/action_dispatch/middleware/remote_ip.rb:31:in `call'
  actionpack (3.2.13) lib/action_dispatch/middleware/debug_exceptions.rb:16:in `call'
  actionpack (3.2.13) lib/action_dispatch/middleware/show_exceptions.rb:56:in `call'
  railties (3.2.13) lib/rails/rack/logger.rb:32:in `call_app'
  railties (3.2.13) lib/rails/rack/logger.rb:16:in `block in call'
  activesupport (3.2.13) lib/active_support/tagged_logging.rb:22:in `tagged'
  railties (3.2.13) lib/rails/rack/logger.rb:16:in `call'
  actionpack (3.2.13) lib/action_dispatch/middleware/request_id.rb:22:in `call'
  rack (1.4.5) lib/rack/methodoverride.rb:21:in `call'
  rack (1.4.5) lib/rack/runtime.rb:17:in `call'
  activesupport (3.2.13) lib/active_support/cache/strategy/local_cache.rb:72:in `call'
  rack (1.4.5) lib/rack/lock.rb:15:in `call'
  actionpack (3.2.13) lib/action_dispatch/middleware/static.rb:63:in `call'
  railties (3.2.13) lib/rails/engine.rb:479:in `call'
  railties (3.2.13) lib/rails/application.rb:223:in `call'
  rack (1.4.5) lib/rack/content_length.rb:14:in `call'
  railties (3.2.13) lib/rails/rack/log_tailer.rb:17:in `call'
  rack (1.4.5) lib/rack/handler/webrick.rb:59:in `service'
  /Users/apprentice/.rvm/rubies/ruby-1.9.3-p374/lib/ruby/1.9.1/webrick/httpserver.rb:138:in `service'
  /Users/apprentice/.rvm/rubies/ruby-1.9.3-p374/lib/ruby/1.9.1/webrick/httpserver.rb:94:in `run'
  /Users/apprentice/.rvm/rubies/ruby-1.9.3-p374/lib/ruby/1.9.1/webrick/server.rb:191:in `block in start_thread'


  Rendered /Users/apprentice/.rvm/gems/ruby-1.9.3-p374/gems/actionpack-3.2.13/lib/action_dispatch/middleware/templates/rescues/routing_error.erb within rescues/layout (3.3ms)
Connecting to database specified by database.yml


Started GET "/" for 127.0.0.1 at 2013-08-07 12:50:35 -0500
Processing by PagesController#index as HTML
Completed 500 Internal Server Error in 1ms

NameError (uninitialized constant PagesController::Post):
  app/controllers/pages_controller.rb:3:in `index'


  Rendered /Users/apprentice/.rvm/gems/ruby-1.9.3-p374/gems/actionpack-3.2.13/lib/action_dispatch/middleware/templates/rescues/_trace.erb (1.1ms)
  Rendered /Users/apprentice/.rvm/gems/ruby-1.9.3-p374/gems/actionpack-3.2.13/lib/action_dispatch/middleware/templates/rescues/_request_and_response.erb (0.8ms)
  Rendered /Users/apprentice/.rvm/gems/ruby-1.9.3-p374/gems/actionpack-3.2.13/lib/action_dispatch/middleware/templates/rescues/diagnostics.erb within rescues/layout (9.0ms)
Connecting to database specified by database.yml


Started GET "/" for 127.0.0.1 at 2013-08-07 12:52:12 -0500
Processing by PagesController#index as HTML
  Rendered pages/index.html.erb within layouts/application (1.9ms)
Compiled application.css  (0ms)  (pid 38278)
Compiled jquery.js  (2ms)  (pid 38278)
Compiled jquery_ujs.js  (0ms)  (pid 38278)
Compiled application.js  (67ms)  (pid 38278)
  Rendered pages/_navbar.html.erb (1.2ms)
Completed 200 OK in 213ms (Views: 212.8ms | ActiveRecord: 0.0ms)


Started GET "/assets/application.css?body=1" for 127.0.0.1 at 2013-08-07 12:52:12 -0500
Served asset /application.css - 304 Not Modified (3ms)


Started GET "/assets/jquery_ujs.js?body=1" for 127.0.0.1 at 2013-08-07 12:52:12 -0500
Served asset /jquery_ujs.js - 304 Not Modified (2ms)


Started GET "/assets/application.js?body=1" for 127.0.0.1 at 2013-08-07 12:52:12 -0500
Served asset /application.js - 304 Not Modified (5ms)


Started GET "/assets/jquery.js?body=1" for 127.0.0.1 at 2013-08-07 12:52:12 -0500
Served asset /jquery.js - 304 Not Modified (3ms)


Started GET "/users/new" for 127.0.0.1 at 2013-08-07 12:52:23 -0500

ActionController::RoutingError (uninitialized constant User::BCrypt):
  app/models/user.rb:2:in `<class:User>'
  app/models/user.rb:1:in `<top (required)>'
  app/controllers/users_controller.rb:1:in `<top (required)>'


  Rendered /Users/apprentice/.rvm/gems/ruby-1.9.3-p374/gems/actionpack-3.2.13/lib/action_dispatch/middleware/templates/rescues/routing_error.erb within rescues/layout (0.5ms)
Connecting to database specified by database.yml


Started GET "/users/new" for 127.0.0.1 at 2013-08-07 13:28:46 -0500
Processing by UsersController#new as HTML
  Rendered users/new.html.erb within layouts/application (41.8ms)
  Rendered pages/_navbar.html.erb (0.7ms)
Completed 200 OK in 273ms (Views: 94.5ms | ActiveRecord: 1.6ms)


Started GET "/assets/jquery_ujs.js?body=1" for 127.0.0.1 at 2013-08-07 13:28:47 -0500
Served asset /jquery_ujs.js - 304 Not Modified (4ms)


Started GET "/assets/application.css?body=1" for 127.0.0.1 at 2013-08-07 13:28:47 -0500
Served asset /application.css - 304 Not Modified (2ms)


Started GET "/assets/jquery.js?body=1" for 127.0.0.1 at 2013-08-07 13:28:47 -0500
Served asset /jquery.js - 304 Not Modified (2ms)


Started GET "/assets/application.js?body=1" for 127.0.0.1 at 2013-08-07 13:28:47 -0500
Served asset /application.js - 304 Not Modified (5ms)


Started POST "/users" for 127.0.0.1 at 2013-08-07 13:29:19 -0500
Processing by UsersController#create as HTML
  Parameters: {"utf8"=>"✓", "authenticity_token"=>"rzMIcFaazR1KkoMW5C3F5g+QClgpSVEtQLJnJYEzZCE=", "user"=>{"name"=>"admin", "email"=>"admin@admin.com", "password"=>"[FILTERED]"}, "commit"=>"Create User"}
  [1m[36m (0.1ms)[0m  [1mbegin transaction[0m
  [1m[35mUser Exists (0.1ms)[0m  SELECT 1 AS one FROM "users" WHERE "users"."email" = 'admin@admin.com' LIMIT 1
Binary data inserted for `string` type on column `password_hash`
  [1m[36mSQL (2.2ms)[0m  [1mINSERT INTO "users" ("created_at", "email", "name", "password_hash", "updated_at") VALUES (?, ?, ?, ?, ?)[0m  [["created_at", Wed, 07 Aug 2013 18:29:19 UTC +00:00], ["email", "admin@admin.com"], ["name", "admin"], ["password_hash", "$2a$10$ltS8Xzy/kORLXUPj4zImYu8iZP0kuoa4KoSse4fE7OefySMG8/3KC"], ["updated_at", Wed, 07 Aug 2013 18:29:19 UTC +00:00]]
  [1m[35m (1.5ms)[0m  commit transaction
Redirected to http://localhost:3000/users/1
Completed 302 Found in 171ms (ActiveRecord: 4.0ms)


Started GET "/users/1" for 127.0.0.1 at 2013-08-07 13:29:19 -0500
Processing by UsersController#show as HTML
  Parameters: {"id"=>"1"}
  Rendered users/show.html.erb within layouts/application (1.1ms)
  Rendered pages/_navbar.html.erb (0.3ms)
Completed 200 OK in 6ms (Views: 5.4ms | ActiveRecord: 0.0ms)


Started GET "/assets/application.css?body=1" for 127.0.0.1 at 2013-08-07 13:29:19 -0500
Served asset /application.css - 304 Not Modified (0ms)


Started GET "/assets/jquery.js?body=1" for 127.0.0.1 at 2013-08-07 13:29:19 -0500
Served asset /jquery.js - 304 Not Modified (0ms)


Started GET "/assets/jquery_ujs.js?body=1" for 127.0.0.1 at 2013-08-07 13:29:19 -0500
Served asset /jquery_ujs.js - 304 Not Modified (0ms)


Started GET "/assets/application.js?body=1" for 127.0.0.1 at 2013-08-07 13:29:19 -0500
Served asset /application.js - 304 Not Modified (0ms)


Started GET "/users/new" for 127.0.0.1 at 2013-08-07 13:30:23 -0500
Processing by UsersController#new as HTML
  Rendered users/new.html.erb within layouts/application (2.5ms)
  Rendered pages/_navbar.html.erb (0.2ms)
Completed 200 OK in 12ms (Views: 6.2ms | ActiveRecord: 0.4ms)


Started GET "/assets/application.css?body=1" for 127.0.0.1 at 2013-08-07 13:30:23 -0500
Served asset /application.css - 304 Not Modified (0ms)


Started GET "/assets/jquery.js?body=1" for 127.0.0.1 at 2013-08-07 13:30:23 -0500
Served asset /jquery.js - 304 Not Modified (0ms)


Started GET "/assets/jquery_ujs.js?body=1" for 127.0.0.1 at 2013-08-07 13:30:23 -0500
Served asset /jquery_ujs.js - 304 Not Modified (0ms)


Started GET "/assets/application.js?body=1" for 127.0.0.1 at 2013-08-07 13:30:23 -0500
Served asset /application.js - 304 Not Modified (0ms)


Started POST "/users" for 127.0.0.1 at 2013-08-07 13:30:49 -0500
Processing by UsersController#create as HTML
  Parameters: {"utf8"=>"✓", "authenticity_token"=>"rzMIcFaazR1KkoMW5C3F5g+QClgpSVEtQLJnJYEzZCE=", "user"=>{"name"=>"admin2", "email"=>"admin2@admin.com", "password"=>"[FILTERED]"}, "commit"=>"Create User"}
WARNING: Can't verify CSRF token authenticity
Completed 500 Internal Server Error in 70ms

NoMethodError (undefined method `password_digest=' for #<User:0x007fee8393aa70>):
  app/controllers/users_controller.rb:7:in `new'
  app/controllers/users_controller.rb:7:in `create'


  Rendered /Users/apprentice/.rvm/gems/ruby-1.9.3-p374/gems/actionpack-3.2.13/lib/action_dispatch/middleware/templates/rescues/_trace.erb (1.2ms)
  Rendered /Users/apprentice/.rvm/gems/ruby-1.9.3-p374/gems/actionpack-3.2.13/lib/action_dispatch/middleware/templates/rescues/_request_and_response.erb (0.9ms)
  Rendered /Users/apprentice/.rvm/gems/ruby-1.9.3-p374/gems/actionpack-3.2.13/lib/action_dispatch/middleware/templates/rescues/diagnostics.erb within rescues/layout (7.0ms)


Started GET "/users/new" for 127.0.0.1 at 2013-08-07 13:31:09 -0500
Processing by UsersController#new as HTML
  Rendered users/new.html.erb within layouts/application (2.3ms)
  Rendered pages/_navbar.html.erb (0.2ms)
Completed 200 OK in 6ms (Views: 5.6ms | ActiveRecord: 0.0ms)


Started GET "/assets/application.css?body=1" for 127.0.0.1 at 2013-08-07 13:31:09 -0500
Served asset /application.css - 304 Not Modified (0ms)


Started GET "/assets/jquery_ujs.js?body=1" for 127.0.0.1 at 2013-08-07 13:31:09 -0500
Served asset /jquery_ujs.js - 304 Not Modified (0ms)


Started GET "/assets/jquery.js?body=1" for 127.0.0.1 at 2013-08-07 13:31:09 -0500
Served asset /jquery.js - 304 Not Modified (0ms)


Started GET "/assets/application.js?body=1" for 127.0.0.1 at 2013-08-07 13:31:09 -0500
Served asset /application.js - 304 Not Modified (0ms)


Started POST "/users" for 127.0.0.1 at 2013-08-07 13:31:16 -0500
Processing by UsersController#create as HTML
  Parameters: {"utf8"=>"✓", "authenticity_token"=>"y5/OWTEAwhDnEO27fV3XIYVzzNt4qcTq+mIFJtZAeT0=", "user"=>{"name"=>"a", "email"=>"b", "password"=>"[FILTERED]"}, "commit"=>"Create User"}
Completed 500 Internal Server Error in 70ms

NoMethodError (undefined method `password_digest=' for #<User:0x007fee83975ff8>):
  app/controllers/users_controller.rb:7:in `new'
  app/controllers/users_controller.rb:7:in `create'


  Rendered /Users/apprentice/.rvm/gems/ruby-1.9.3-p374/gems/actionpack-3.2.13/lib/action_dispatch/middleware/templates/rescues/_trace.erb (0.9ms)
  Rendered /Users/apprentice/.rvm/gems/ruby-1.9.3-p374/gems/actionpack-3.2.13/lib/action_dispatch/middleware/templates/rescues/_request_and_response.erb (0.9ms)
  Rendered /Users/apprentice/.rvm/gems/ruby-1.9.3-p374/gems/actionpack-3.2.13/lib/action_dispatch/middleware/templates/rescues/diagnostics.erb within rescues/layout (5.6ms)
Connecting to database specified by database.yml
  [1m[36m (1.3ms)[0m  [1mselect sqlite_version(*)[0m
  [1m[35m (1.6ms)[0m  CREATE TABLE "users" ("id" INTEGER PRIMARY KEY AUTOINCREMENT NOT NULL, "name" varchar(255), "email" varchar(255), "password_hash" varchar(255), "created_at" datetime NOT NULL, "updated_at" datetime NOT NULL) 
  [1m[36m (1.1ms)[0m  [1mCREATE TABLE "schema_migrations" ("version" varchar(255) NOT NULL) [0m
  [1m[35m (1.1ms)[0m  CREATE UNIQUE INDEX "unique_schema_migrations" ON "schema_migrations" ("version")
  [1m[36m (0.1ms)[0m  [1mSELECT version FROM "schema_migrations"[0m
  [1m[35m (1.0ms)[0m  INSERT INTO "schema_migrations" (version) VALUES ('20130805154908')
  [1m[36m (1.4ms)[0m  [1mSELECT "schema_migrations"."version" FROM "schema_migrations" [0m
Connecting to database specified by database.yml


Started POST "/users" for 127.0.0.1 at 2013-08-07 13:31:47 -0500
Processing by UsersController#create as HTML
  Parameters: {"utf8"=>"✓", "authenticity_token"=>"y5/OWTEAwhDnEO27fV3XIYVzzNt4qcTq+mIFJtZAeT0=", "user"=>{"name"=>"a", "email"=>"b", "password"=>"[FILTERED]"}, "commit"=>"Create User"}
Completed 500 Internal Server Error in 90ms

NoMethodError (undefined method `password_digest=' for #<User:0x007fc14566fdd8>):
  app/controllers/users_controller.rb:7:in `new'
  app/controllers/users_controller.rb:7:in `create'


  Rendered /Users/apprentice/.rvm/gems/ruby-1.9.3-p374/gems/actionpack-3.2.13/lib/action_dispatch/middleware/templates/rescues/_trace.erb (1.2ms)
  Rendered /Users/apprentice/.rvm/gems/ruby-1.9.3-p374/gems/actionpack-3.2.13/lib/action_dispatch/middleware/templates/rescues/_request_and_response.erb (0.8ms)
  Rendered /Users/apprentice/.rvm/gems/ruby-1.9.3-p374/gems/actionpack-3.2.13/lib/action_dispatch/middleware/templates/rescues/diagnostics.erb within rescues/layout (8.1ms)


Started GET "/users/new" for 127.0.0.1 at 2013-08-07 13:31:52 -0500
Processing by UsersController#new as HTML
  Rendered users/new.html.erb within layouts/application (6.5ms)
  Rendered pages/_navbar.html.erb (0.6ms)
Completed 200 OK in 21ms (Views: 20.6ms | ActiveRecord: 0.0ms)


Started GET "/assets/application.css?body=1" for 127.0.0.1 at 2013-08-07 13:31:52 -0500
Served asset /application.css - 304 Not Modified (1ms)


Started GET "/assets/jquery_ujs.js?body=1" for 127.0.0.1 at 2013-08-07 13:31:52 -0500
Served asset /jquery_ujs.js - 304 Not Modified (1ms)


Started GET "/assets/jquery.js?body=1" for 127.0.0.1 at 2013-08-07 13:31:52 -0500
Served asset /jquery.js - 304 Not Modified (3ms)


Started GET "/assets/application.js?body=1" for 127.0.0.1 at 2013-08-07 13:31:52 -0500
Served asset /application.js - 304 Not Modified (4ms)


Started POST "/users" for 127.0.0.1 at 2013-08-07 13:31:56 -0500
Processing by UsersController#create as HTML
  Parameters: {"utf8"=>"✓", "authenticity_token"=>"y5/OWTEAwhDnEO27fV3XIYVzzNt4qcTq+mIFJtZAeT0=", "user"=>{"name"=>"a", "email"=>"b", "password"=>"[FILTERED]"}, "commit"=>"Create User"}
Completed 500 Internal Server Error in 70ms

NoMethodError (undefined method `password_digest=' for #<User:0x007fc1488435d0>):
  app/controllers/users_controller.rb:7:in `new'
  app/controllers/users_controller.rb:7:in `create'


  Rendered /Users/apprentice/.rvm/gems/ruby-1.9.3-p374/gems/actionpack-3.2.13/lib/action_dispatch/middleware/templates/rescues/_trace.erb (0.9ms)
  Rendered /Users/apprentice/.rvm/gems/ruby-1.9.3-p374/gems/actionpack-3.2.13/lib/action_dispatch/middleware/templates/rescues/_request_and_response.erb (0.8ms)
  Rendered /Users/apprentice/.rvm/gems/ruby-1.9.3-p374/gems/actionpack-3.2.13/lib/action_dispatch/middleware/templates/rescues/diagnostics.erb within rescues/layout (5.6ms)
Connecting to database specified by database.yml
  [1m[36m (0.2ms)[0m  [1mselect sqlite_version(*)[0m
  [1m[35m (5.7ms)[0m  CREATE TABLE "schema_migrations" ("version" varchar(255) NOT NULL) 
  [1m[36m (1.3ms)[0m  [1mCREATE UNIQUE INDEX "unique_schema_migrations" ON "schema_migrations" ("version")[0m
  [1m[35m (1.2ms)[0m  SELECT "schema_migrations"."version" FROM "schema_migrations" 
Migrating to CreateUsers (20130805154908)
  [1m[36m (0.0ms)[0m  [1mbegin transaction[0m
  [1m[35m (0.4ms)[0m  CREATE TABLE "users" ("id" INTEGER PRIMARY KEY AUTOINCREMENT NOT NULL, "name" varchar(255), "email" varchar(255), "password_digest" varchar(255), "created_at" datetime NOT NULL, "updated_at" datetime NOT NULL) 
  [1m[36m (0.1ms)[0m  [1mINSERT INTO "schema_migrations" ("version") VALUES ('20130805154908')[0m
  [1m[35m (0.8ms)[0m  commit transaction
  [1m[36m (0.1ms)[0m  [1mSELECT "schema_migrations"."version" FROM "schema_migrations" [0m
Connecting to database specified by database.yml


Started GET "/users/new" for 127.0.0.1 at 2013-08-07 13:32:32 -0500
Processing by UsersController#new as HTML
  Rendered users/new.html.erb within layouts/application (8.0ms)
  Rendered pages/_navbar.html.erb (0.6ms)
Completed 200 OK in 87ms (Views: 47.5ms | ActiveRecord: 1.7ms)


Started GET "/assets/jquery.js?body=1" for 127.0.0.1 at 2013-08-07 13:32:32 -0500
Served asset /jquery.js - 304 Not Modified (4ms)


Started GET "/assets/application.css?body=1" for 127.0.0.1 at 2013-08-07 13:32:32 -0500
Served asset /application.css - 304 Not Modified (1ms)


Started GET "/assets/jquery_ujs.js?body=1" for 127.0.0.1 at 2013-08-07 13:32:32 -0500
Served asset /jquery_ujs.js - 304 Not Modified (2ms)


Started GET "/assets/application.js?body=1" for 127.0.0.1 at 2013-08-07 13:32:32 -0500
Served asset /application.js - 304 Not Modified (6ms)


Started POST "/users" for 127.0.0.1 at 2013-08-07 13:32:37 -0500
Processing by UsersController#create as HTML
  Parameters: {"utf8"=>"✓", "authenticity_token"=>"y5/OWTEAwhDnEO27fV3XIYVzzNt4qcTq+mIFJtZAeT0=", "user"=>{"name"=>"a", "email"=>"b", "password"=>"[FILTERED]"}, "commit"=>"Create User"}
  [1m[36m (0.1ms)[0m  [1mbegin transaction[0m
  [1m[35mUser Exists (0.2ms)[0m  SELECT 1 AS one FROM "users" WHERE "users"."email" = 'b' LIMIT 1
Binary data inserted for `string` type on column `password_digest`
  [1m[36mSQL (2.4ms)[0m  [1mINSERT INTO "users" ("created_at", "email", "name", "password_digest", "updated_at") VALUES (?, ?, ?, ?, ?)[0m  [["created_at", Wed, 07 Aug 2013 18:32:37 UTC +00:00], ["email", "b"], ["name", "a"], ["password_digest", "$2a$10$Hd2x7qXnQI5exFSiYRTQ3uOSjK/lAa31dEgmPzTHyLj865PcCuy1e"], ["updated_at", Wed, 07 Aug 2013 18:32:37 UTC +00:00]]
  [1m[35m (5.6ms)[0m  commit transaction
Redirected to http://localhost:3000/users/1
Completed 302 Found in 112ms (ActiveRecord: 8.2ms)


Started GET "/users/1" for 127.0.0.1 at 2013-08-07 13:32:37 -0500
Processing by UsersController#show as HTML
  Parameters: {"id"=>"1"}
  Rendered users/show.html.erb within layouts/application (1.2ms)
  Rendered pages/_navbar.html.erb (0.2ms)
Completed 200 OK in 5ms (Views: 4.3ms | ActiveRecord: 0.0ms)


Started GET "/assets/application.css?body=1" for 127.0.0.1 at 2013-08-07 13:32:37 -0500
Served asset /application.css - 304 Not Modified (0ms)


Started GET "/assets/jquery.js?body=1" for 127.0.0.1 at 2013-08-07 13:32:37 -0500
Served asset /jquery.js - 304 Not Modified (0ms)


Started GET "/assets/application.js?body=1" for 127.0.0.1 at 2013-08-07 13:32:37 -0500
Served asset /application.js - 304 Not Modified (0ms)


Started GET "/assets/jquery_ujs.js?body=1" for 127.0.0.1 at 2013-08-07 13:32:37 -0500
Served asset /jquery_ujs.js - 304 Not Modified (0ms)
